cppcheck -a -s -v --force --unused-functions *.c
Checking config_file_reader.c...
1/19 files checked 5% done
Checking crc32.c...
Checking crc32.c: CSPSA_ITP_CONFIG...
2/19 files checked 10% done
Checking cspsa_api_linux_socket_client.c...
[cspsa_api_linux_socket_client.c:55]: (style) struct or union member 'CSPSA_API_LINUX_USERSPACE_ClientSocketItem_t::Next_p' is never used
Checking cspsa_api_linux_socket_client.c: CFG_CSPSA_API_LINUX_SOCKET_COMMON_SIMULATE_MAX_PACKET_SIZE...
Checking cspsa_api_linux_socket_client.c: CFG_CSPSA_API_LINUX_SOCKET_COMMON_DEBUG_LEVEL>=2...
3/19 files checked 15% done
Checking cspsa_api_linux_socket_common.c...
Checking cspsa_api_linux_socket_common.c: CFG_CSPSA_API_LINUX_SOCKET_COMMON_DEBUG_LEVEL>=2...
4/19 files checked 21% done
Checking cspsa_api_linux_socket_server.c...
[cspsa_api_linux_socket_server.c:764]: (style) The scope of the variable IntResult can be limited
[cspsa_api_linux_socket_server.c:115]: (style) struct or union member 'CSPSA_API_LINUX_SOCKET_SERVER_DaemonItem_t::CloseOnNextTimeout' is never used
Checking cspsa_api_linux_socket_server.c: CFG_CSPSA_API_LINUX_SOCKET_SERVER_DAEMON...
Checking cspsa_api_linux_socket_server.c: CFG_CSPSA_API_LINUX_SOCKET_SERVER_FREE_MAX_NBR_OF_CLIENTS...
Checking cspsa_api_linux_socket_server.c: CFG_CSPSA_API_LINUX_SOCKET_SERVER_FREE_MAX_NBR_OF_FDS...
Checking cspsa_api_linux_socket_server.c: CFG_CSPSA_API_LINUX_SOCKET_SERVER_DELAYED_CLOSE...
Checking cspsa_api_linux_socket_server.c: CFG_CSPSA_API_LINUX_SOCKET_SERVER_DELAYED_CLOSE_TIMEOUT_IN_MIN...
Checking cspsa_api_linux_socket_server.c: CFG_CSPSA_API_LINUX_SOCKET_COMMON_DEBUG_LEVEL>=2...
Checking cspsa_api_linux_socket_server.c: CFG_CSPSA_API_LINUX_SOCKET_COMMON_SIMULATE_MAX_PACKET_SIZE...
Checking cspsa_api_linux_socket_server.c: CFG_CSPSA_API_LINUX_SOCKET_COMMON_DEBUG_LEVEL>=1...
Checking cspsa_api_linux_socket_server.c: CFG_CSPSA_API_LINUX_SOCKET_SERVER_DAEMON;CFG_CSPSA_API_LINUX_SOCKET_COMMON_DEBUG_LEVEL>=1...
5/19 files checked 26% done
Checking cspsa_api_linux_us_core_test.c...
6/19 files checked 31% done
Checking cspsa_api_osfree.c...
7/19 files checked 36% done
Checking cspsa_core.c...
Checking cspsa_core.c: CFG_CSPSA_CORE_CACHE_ITEM_ARRAY_SIZE...
Checking cspsa_core.c: CFG_CSPSA_CORE_CACHE_INITIAL_NBR_OF_IMAGE_ARRAYS...
Checking cspsa_core.c: CSPSA_ITP_CONFIG...
Checking cspsa_core.c: CFG_CSPSA_CORE_ENABLE_EXTRA_HEADER...
8/19 files checked 42% done
Checking cspsa_ll.c...
[cspsa_ll.c:32]: (style) struct or union member 'RegisteredTrimArea_t::Next_p' is never used
[cspsa_ll.c:33]: (style) struct or union member 'RegisteredTrimArea_t::Config_p' is never used
9/19 files checked 47% done
Checking cspsa_ll_dev.c...
[cspsa_ll_dev.c:322]: (style) The scope of the variable ChunkSize can be limited
10/19 files checked 52% done
Checking cspsa_ll_emmc.c...
[cspsa_ll_emmc.c:273]: (style) The scope of the variable Bytes can be limited
Checking cspsa_ll_emmc.c: PRINT_A_...
Checking cspsa_ll_emmc.c: PRINT_C_...
11/19 files checked 57% done
Checking cspsa_ll_mmc.c...
12/19 files checked 63% done
Checking cspsa_ll_ram.c...
[cspsa_ll_ram.c:155]: (style) The scope of the variable ChunkSize can be limited
[cspsa_ll_ram.c:229]: (style) The scope of the variable ChunkSize can be limited
13/19 files checked 68% done
Checking cspsa_test.c...
[cspsa_test.c:1755]: (style) Redundant condition. It is safe to deallocate a NULL pointer
[cspsa_test.c:4761]: (style) The scope of the variable CSPSA_Result can be limited
[cspsa_test.c:6492]: (style) The scope of the variable i can be limited
[cspsa_test.c:6766]: (style) The scope of the variable CSPSA_Result can be limited
Checking cspsa_test.c: CFG_CSPSA_TEST_DURATION_TEST_ITERATIONS...
Checking cspsa_test.c: CFG_CSPSA_TEST_AREA_SIZE...
Checking cspsa_test.c: (CFG_CSPSA_TEST_TARGET!=CFG_CSPSA_TEST_TARGET_OS_FREE)...
Checking cspsa_test.c: (CFG_CSPSA_TEST_TARGET==CFG_CSPSA_TEST_TARGET_OS_FREE)...
Checking cspsa_test.c: (CFG_CSPSA_TEST_TARGET==CFG_CSPSA_TEST_TARGET_LINUX_US)&&(CFG_CSPSA_TEST_VARIANT==CFG_CSPSA_TEST_VARIANT_API)...
Checking cspsa_test.c: D_CSPSA_TEST_TEST_TC_10_NBR_OF_READ_THREADS...
Checking cspsa_test.c: D_CSPSA_TEST_TEST_TC_10_NBR_OF_WRITE_THREADS...
Checking cspsa_test.c: CFG_CSPSA_TEST_NO_TIMEOFDAY...
Checking cspsa_test.c: CFG_CSPSA_TEST_EXTERNAL_CONFIG...
Checking cspsa_test.c: CFG_CSPSA_TEST_READ_ERRORS...
Checking cspsa_test.c: CFG_CSPSA_TEST_NO_MAIN...
Checking cspsa_test.c: (CFG_CSPSA_TEST_TARGET==CFG_CSPSA_TEST_TARGET_LINUX_US)&&(CFG_CSPSA_TEST_VARIANT==CFG_CSPSA_TEST_VARIANT_CORE)...
Checking cspsa_test.c: CFG_CSPSA_CORE_ENABLE_EXTRA_HEADER...
Checking cspsa_test.c: (CFG_CSPSA_TEST_TARGET!=CFG_CSPSA_TEST_TARGET_LINUX_US)||(CFG_CSPSA_TEST_VARIANT!=CFG_CSPSA_TEST_VARIANT_API)...
14/19 files checked 73% done
Checking cspsa_test_client_cmd.c...
Checking cspsa_test_client_cmd.c: CFG_CSPSA_TEST_CLIENT_READER_XX_YY...
15/19 files checked 78% done
Checking cspsa_test_client_reader.c...
Checking cspsa_test_client_reader.c: CFG_CSPSA_TEST_CLIENT_READER_XX_YY...
16/19 files checked 84% done
Checking cspsa_test_client_writer.c...
Checking cspsa_test_client_writer.c: CFG_CSPSA_TEST_CLIENT_WRITER_XX_YY...
17/19 files checked 89% done
Checking cspsa_test_ram.c...
18/19 files checked 94% done
Checking example_osfree.c...
19/19 files checked 100% done
Checking usage of global functions..
[cspsa_ll_dev.c]: The function 'CSPSA_LL_DEV_GetBlockSize' is never used
[cspsa_ll_mmc.c]: The function 'CSPSA_LL_MMC_Close' is never used
[cspsa_ll_mmc.c]: The function 'CSPSA_LL_MMC_Erase' is never used
[cspsa_ll_mmc.c]: The function 'CSPSA_LL_MMC_Format' is never used
[cspsa_ll_mmc.c]: The function 'CSPSA_LL_MMC_GetBlockSize' is never used
[cspsa_ll_mmc.c]: The function 'CSPSA_LL_MMC_GetSectorSize' is never used
[cspsa_ll_mmc.c]: The function 'CSPSA_LL_MMC_Open' is never used
[cspsa_ll_mmc.c]: The function 'CSPSA_LL_MMC_Read' is never used
[cspsa_ll_mmc.c]: The function 'CSPSA_LL_MMC_Write' is never used
[cspsa_test_ram.c]: The function 'CSPSA_RAM_TEST_Execute' is never used
[example_osfree.c]: The function 'RunTrimAreaTest' is never used
